<?xml version="1.0" encoding="UTF-8"?>
<testsuite name="com.example.problemsolving.ExampleUnitTest" tests="1" skipped="0" failures="0" errors="0" timestamp="2021-10-27T13:42:38" hostname="android-Lenovo-ideapad-110-15ISK" time="0.046">
  <properties/>
  <testcase name="solve_problem" classname="com.example.problemsolving.ExampleUnitTest" time="0.046"/>
  <system-out><![CDATA[2
4
0
3
10
]]></system-out>
  <system-err><![CDATA[]]></system-err>
</testsuite>
